This is pdfTeXk, Version 3.141592-1.40.3 (Web2C 7.5.6) (format=pdflatex 2018.10.23)  1 NOV 2018 14:47
entering extended mode
 %&-line parsing enabled.
**main.tex
(./main.tex
LaTeX2e <2005/12/01>
Babel <v3.8h> and hyphenation patterns for english, usenglishmax, dumylang, noh
yphenation, arabic, basque, bulgarian, coptic, welsh, czech, slovak, german, ng
erman, danish, esperanto, spanish, catalan, galician, estonian, farsi, finnish,
 french, greek, monogreek, ancientgreek, croatian, hungarian, interlingua, ibyc
us, indonesian, icelandic, italian, latin, mongolian, dutch, norsk, polish, por
tuguese, pinyin, romanian, russian, slovenian, uppersorbian, serbian, swedish, 
turkish, ukenglish, ukrainian, loaded.
(/usr/share/texmf/tex/latex/base/fix-cm.sty
Package: fix-cm 2006/03/24 v1.1n fixes to LaTeX

(/usr/share/texmf/tex/latex/base/ts1enc.def
File: ts1enc.def 2001/06/05 v3.0e (jk/car/fm) Standard LaTeX file
)) (./eththesis.cls

LaTeX Warning: You have requested document class `eththesis',
               but the document class provides `ufthesis'.

Document Class: ufthesis 2002/09/20 v2.0c UF Thesis Class (Ron Smith)
(/usr/share/texmf/tex/latex/base/ifthen.sty
Package: ifthen 2001/05/26 v1.1c Standard LaTeX ifthen package (DPC)
)
\c@RS@ptcnt=\count79

(/usr/share/texmf/tex/latex/base/report.cls
Document Class: report 2005/09/16 v1.4f Standard LaTeX document class
(/usr/share/texmf/tex/latex/base/size12.clo
File: size12.clo 2005/09/16 v1.4f Standard LaTeX file (size option)
)
\c@part=\count80
\c@chapter=\count81
\c@section=\count82
\c@subsection=\count83
\c@subsubsection=\count84
\c@paragraph=\count85
\c@subparagraph=\count86
\c@figure=\count87
\c@table=\count88
\abovecaptionskip=\skip41
\belowcaptionskip=\skip42
\bibindent=\dimen102
)
 
*****************************************
* Updating commands for Thesis Template *
*****************************************
(/usr/share/texmf/tex/latex/setspace/setspace.sty
Package: setspace 2000/12/01 6.7 Contributed and Supported LaTeX2e package

Package: `setspace' 6.7 <2000/12/01>
) (/usr/share/texmf/tex/latex/ltxmisc/ulem.sty
\UL@box=\box26
\UL@hyphenbox=\box27
\UL@skip=\skip43
\UL@hook=\toks14
\UL@pe=\count89
\UL@pixel=\dimen103
\ULC@box=\box28
Package: ulem 2000/05/26
\ULdepth=\dimen104
)
(/usr/share/texmf/tex/latex/sectsty/sectsty.sty
Package: sectsty 2002/02/25 v2.0.2 Commands to change all sectional heading sty
les
)
(/usr/share/texmf/tex/latex/ragged2e/ragged2e.sty
Package: ragged2e 2003/03/25 v2.04 ragged2e Package (MS)

(/usr/share/texmf/tex/latex/everysel/everysel.sty
Package: everysel 1999/06/08 v1.03 EverySelectfont Package (MS)
)
\CenteringLeftskip=\skip44
\RaggedLeftLeftskip=\skip45
\RaggedRightLeftskip=\skip46
\CenteringRightskip=\skip47
\RaggedLeftRightskip=\skip48
\RaggedRightRightskip=\skip49
\CenteringParfillskip=\skip50
\RaggedLeftParfillskip=\skip51
\RaggedRightParfillskip=\skip52
\JustifyingParfillskip=\skip53
\CenteringParindent=\skip54
\RaggedLeftParindent=\skip55
\RaggedRightParindent=\skip56
\JustifyingParindent=\skip57
)
\c@RS@TmpCnt=\count90
\RS@TOChdent=\skip58
\RS@MyHeader=\skip59
\RS@NumPoints=\skip60
\RS@StartofHeader=\skip61
\RS@EndofFooter=\skip62
\RS@TempLength=\skip63
\UFdent=\skip64
\RS@chapnumwidth=\skip65
\RS@secindent=\skip66
\RS@secnumwidth=\skip67
\RS@subsecindent=\skip68
\RS@subsecnumwidth=\skip69
\RS@figindent=\skip70
\RS@fignumwidth=\skip71
\RS@tabindent=\skip72
\RS@tabnumwidth=\skip73
\abovefigcaptskip=\skip74
\belowfigcaptskip=\skip75
\abovetabcaptskip=\skip76
\belowtabcaptskip=\skip77

 
*****************************************
*  Finished with Thesis Template
*****************************************
 
)
\@input{packages.aux}
\openout2 = `packages.aux'.

(./packages.tex (/usr/share/texmf/tex/latex/amsmath/amsmath.sty
Package: amsmath 2000/07/18 v2.13 AMS math features
\@mathmargin=\skip78

For additional information on amsmath, use the `?' option.
(/usr/share/texmf/tex/latex/amsmath/amstext.sty
Package: amstext 2000/06/29 v2.01

(/usr/share/texmf/tex/latex/amsmath/amsgen.sty
File: amsgen.sty 1999/11/30 v2.0
\@emptytoks=\toks15
\ex@=\dimen105
))
(/usr/share/texmf/tex/latex/amsmath/amsbsy.sty
Package: amsbsy 1999/11/29 v1.2d
\pmbraise@=\dimen106
)
(/usr/share/texmf/tex/latex/amsmath/amsopn.sty
Package: amsopn 1999/12/14 v2.01 operator names
)
\inf@bad=\count91
LaTeX Info: Redefining \frac on input line 211.
\uproot@=\count92
\leftroot@=\count93
LaTeX Info: Redefining \overline on input line 307.
\classnum@=\count94
\DOTSCASE@=\count95
LaTeX Info: Redefining \ldots on input line 379.
LaTeX Info: Redefining \dots on input line 382.
LaTeX Info: Redefining \cdots on input line 467.
\Mathstrutbox@=\box29
\strutbox@=\box30
\big@size=\dimen107
LaTeX Font Info:    Redeclaring font encoding OML on input line 567.
LaTeX Font Info:    Redeclaring font encoding OMS on input line 568.
\macc@depth=\count96
\c@MaxMatrixCols=\count97
\dotsspace@=\muskip10
\c@parentequation=\count98
\dspbrk@lvl=\count99
\tag@help=\toks16
\row@=\count100
\column@=\count101
\maxfields@=\count102
\andhelp@=\toks17
\eqnshift@=\dimen108
\alignsep@=\dimen109
\tagshift@=\dimen110
\tagwidth@=\dimen111
\totwidth@=\dimen112
\lineht@=\dimen113
\@envbody=\toks18
\multlinegap=\skip79
\multlinetaggap=\skip80
\mathdisplay@stack=\toks19
LaTeX Info: Redefining \[ on input line 2666.
LaTeX Info: Redefining \] on input line 2667.
)
(/usr/share/texmf/tex/latex/mh/mathtools.sty
Package: mathtools 2004/10/10 v1.01a mathematical typesetting tools (MH)

(/usr/share/texmf/tex/latex/graphics/keyval.sty
Package: keyval 1999/03/16 v1.13 key=value parser (DPC)
\KV@toks@=\toks20
)
(/usr/share/texmf/tex/latex/tools/calc.sty
Package: calc 2005/08/06 v4.2 Infix arithmetic (KKT,FJ)
\calc@Acount=\count103
\calc@Bcount=\count104
\calc@Adimen=\dimen114
\calc@Bdimen=\dimen115
\calc@Askip=\skip81
\calc@Bskip=\skip82
LaTeX Info: Redefining \setlength on input line 75.
LaTeX Info: Redefining \addtolength on input line 76.
\calc@Ccount=\count105
\calc@Cskip=\skip83
)
(/usr/share/texmf/tex/latex/mh/mhsetup.sty
Package: mhsetup 2004/10/10 v1.0b programming setup (MH)
)
\g_MT_multlinerow_int=\count106
\l_MT_multwidth_dim=\dimen116
)
(/usr/share/texmf/tex/latex/amscls/amsthm.sty
Package: amsthm 2004/08/06 v2.20
\thm@style=\toks21
\thm@bodyfont=\toks22
\thm@headfont=\toks23
\thm@notefont=\toks24
\thm@headpunct=\toks25
\thm@preskip=\skip84
\thm@postskip=\skip85
\thm@headsep=\skip86
\dth@everypar=\toks26
)
(/usr/share/texmf/tex/latex/tools/tabularx.sty
Package: tabularx 1999/01/07 v2.07 `tabularx' package (DPC)

(/usr/share/texmf/tex/latex/tools/array.sty
Package: array 2005/08/23 v2.4b Tabular extension package (FMi)
\col@sep=\dimen117
\extrarowheight=\dimen118
\NC@list=\toks27
\extratabsurround=\skip87
\backup@length=\skip88
)
\TX@col@width=\dimen119
\TX@old@table=\dimen120
\TX@old@col=\dimen121
\TX@target=\dimen122
\TX@delta=\dimen123
\TX@cols=\count107
\TX@ftn=\toks28
)
(/usr/share/texmf/tex/latex/html/url.sty
Package: url 1999/03/02  ver 1.4  Verb mode for urls, email addresses, and file
 names
)
(/usr/share/texmf/tex/latex/oberdiek/pdflscape.sty
Package: pdflscape 2006/04/24 v0.6 Landscape pages in PDF (HO)

(/usr/share/texmf/tex/latex/graphics/lscape.sty
Package: lscape 2000/10/22 v3.01 Landscape Pages (DPC)

(/usr/share/texmf/tex/latex/graphics/graphics.sty
Package: graphics 2006/02/20 v1.0o Standard LaTeX Graphics (DPC,SPQR)

(/usr/share/texmf/tex/latex/graphics/trig.sty
Package: trig 1999/03/16 v1.09 sin cos tan (DPC)
)
(/usr/share/texmf/tex/latex/config/graphics.cfg
File: graphics.cfg 2007/01/18 v1.5 graphics configuration of teTeX/TeXLive
)
Package graphics Info: Driver file: pdftex.def on input line 90.

(/usr/share/texmf/tex/latex/pdftex-def/pdftex.def
File: pdftex.def 2007/01/08 v0.04d Graphics/color for pdfTeX
\Gread@gobject=\count108
)))
Package pdflscape Info: Auto-detected driver: `pdftex' on input line 70.
)
(/usr/share/texmf/tex/latex/tools/longtable.sty
Package: longtable 2004/02/01 v4.11 Multi-page Table package (DPC)
\LTleft=\skip89
\LTright=\skip90
\LTpre=\skip91
\LTpost=\skip92
\LTchunksize=\count109
\LTcapwidth=\dimen124
\LT@head=\box31
\LT@firsthead=\box32
\LT@foot=\box33
\LT@lastfoot=\box34
\LT@cols=\count110
\LT@rows=\count111
\c@LT@tables=\count112
\c@LT@chunks=\count113
\LT@p@ftn=\toks29
)
(/usr/share/texmf/tex/latex/amsfonts/amsfonts.sty
Package: amsfonts 2001/10/25 v2.2f
\symAMSa=\mathgroup4
\symAMSb=\mathgroup5
LaTeX Font Info:    Overwriting math alphabet `\mathfrak' in version `bold'
(Font)                  U/euf/m/n --> U/euf/b/n on input line 132.
)
(/usr/share/texmf/tex/latex/amsfonts/amssymb.sty
Package: amssymb 2002/01/22 v2.2d
)
(/usr/share/texmf/tex/latex/subfigure/subfigure.sty
Package: subfigure 2002/03/15 v2.1.5 subfigure package
\subfigtopskip=\skip93
\subfigcapskip=\skip94
\subfigcaptopadj=\dimen125
\subfigbottomskip=\skip95
\subfigcapmargin=\dimen126
\subfiglabelskip=\skip96
\c@subfigure=\count114
\c@lofdepth=\count115
\c@subtable=\count116
\c@lotdepth=\count117

****************************************
* Local config file subfigure.cfg used *
****************************************
(/usr/share/texmf/tex/latex/subfigure/subfigure.cfg)
\subfig@top=\skip97
\subfig@bottom=\skip98
)
(/usr/share/texmf/tex/latex/rotating/rotating.sty
Package: rotating 1997/09/26, v2.13 Rotation package

(/usr/share/texmf/tex/latex/graphics/graphicx.sty
Package: graphicx 1999/02/16 v1.0f Enhanced LaTeX Graphics (DPC,SPQR)
\Gin@req@height=\dimen127
\Gin@req@width=\dimen128
)
\c@r@tfl@t=\count118
\rot@float@box=\box35
) (./ufenumerate.sty
Package: ufenumerate 2007/02/16 v1.00 UF enumerate with extensions
\@enLab=\toks30
)
(/usr/share/texmf/tex/latex/base/latexsym.sty
Package: latexsym 1998/08/17 v2.2e Standard LaTeX package (lasy symbols)
\symlasy=\mathgroup6
LaTeX Font Info:    Overwriting symbol font `lasy' in version `bold'
(Font)                  U/lasy/m/n --> U/lasy/b/n on input line 47.
)
(/usr/share/texmf/tex/latex/graphics/epsfig.sty
Package: epsfig 1999/02/16 v1.7a (e)psfig emulation (SPQR)
\epsfxsize=\dimen129
\epsfysize=\dimen130
)
(/usr/share/texmf/tex/latex/amsfonts/euscript.sty
Package: euscript 2001/10/01 v2.2d Euler Script fonts
LaTeX Font Info:    Overwriting math alphabet `\EuScript' in version `bold'
(Font)                  U/eus/m/n --> U/eus/b/n on input line 55.
)
(/usr/share/texmf/tex/latex/multirow/multirow.sty
\bigstrutjot=\dimen131
)
(/usr/share/texmf/tex/latex/placeins/placeins.sty
Package: placeins 2005/04/18  v 2.2
)
(/usr/share/texmf/tex/latex/caption/caption.sty
Package: caption 2007/01/07 v3.0k Customising captions (AR)

(/usr/share/texmf/tex/latex/caption/caption3.sty
Package: caption3 2007/01/07 v3.0k caption3 kernel (AR)
\captionmargin=\dimen132
\captionmarginx=\dimen133
\captionwidth=\dimen134
\captionindent=\dimen135
\captionparindent=\dimen136
\captionhangindent=\dimen137
)
Package caption Info: longtable package v3.15 (or newer) detected on input line
 359.
Package caption Info: rotating package v2.0 (or newer) detected on input line 3
82.
)
(/usr/share/texmf/tex/latex/natbib/natbib.sty
Package: natbib 2007/02/05 8.0 (PWD)
\bibhang=\skip99
\bibsep=\skip100
LaTeX Info: Redefining \cite on input line 602.
\c@NAT@ctr=\count119
)
(/usr/share/texmf/tex/latex/hyperref/hyperref.sty
Package: hyperref 2007/02/07 v6.75r Hypertext links for LaTeX
\@linkdim=\dimen138
\Hy@linkcounter=\count120
\Hy@pagecounter=\count121

(/usr/share/texmf/tex/latex/hyperref/pd1enc.def
File: pd1enc.def 2007/02/07 v6.75r Hyperref: PDFDocEncoding definition (HO)
)
(/usr/share/texmf/tex/latex/config/hyperref.cfg
File: hyperref.cfg 2002/06/06 v1.2 hyperref configuration of TeXLive
)
(/usr/share/texmf/tex/latex/oberdiek/kvoptions.sty
Package: kvoptions 2006/08/22 v2.4 Connects package keyval with LaTeX options (
HO)
)
Package hyperref Info: Option `final' set `true' on input line 2238.
Package hyperref Info: Option `hyperfootnotes' set `false' on input line 2238.
Package hyperref Info: Hyper figures OFF on input line 2288.
Package hyperref Info: Link nesting OFF on input line 2293.
Package hyperref Info: Hyper index ON on input line 2296.
Package hyperref Info: Plain pages OFF on input line 2303.
Package hyperref Info: Backreferencing OFF on input line 2308.

Implicit mode ON; LaTeX internals redefined
Package hyperref Info: Bookmarks ON on input line 2444.
LaTeX Info: Redefining \url on input line 2599.
\Fld@menulength=\count122
\Field@Width=\dimen139
\Fld@charsize=\dimen140
\Choice@toks=\toks31
\Field@toks=\toks32
Package hyperref Info: Hyper figures OFF on input line 3102.
Package hyperref Info: Link nesting OFF on input line 3107.
Package hyperref Info: Hyper index ON on input line 3110.
Package hyperref Info: backreferencing OFF on input line 3117.
Package hyperref Info: Link coloring OFF on input line 3122.
\Hy@abspage=\count123
\c@Item=\count124
)
*hyperref using default driver hpdftex*
(/usr/share/texmf/tex/latex/hyperref/hpdftex.def
File: hpdftex.def 2007/02/07 v6.75r Hyperref driver for pdfTeX
\Fld@listcount=\count125
))
(/usr/share/texmf/tex/latex/ltxmisc/braket.sty)
(/usr/share/texmf/tex/latex/etex/etex.sty
Package: etex 1998/03/26 v2.0 eTeX basic definition package (PEB)
\et@xins=\count126
)
(/usr/share/texmf/tex/latex/tools/xspace.sty
Package: xspace 2006/05/08 v1.12 Space after command names (DPC,MH)
)
(/usr/share/texmf/tex/latex/ltxmisc/cancel.sty
Package: cancel 2000/03/12 v2.1 Cancel math terms
)
(/usr/share/texmf/tex/latex/pdfpages/pdfpages.sty
Package: pdfpages 2006/08/12 v0.4a Insert pages of external PDF documents (AM)

(/usr/share/texmf/tex/latex/eso-pic/eso-pic.sty
Package: eso-pic 2006/07/14 v1.1d eso-pic (RN)

(/usr/share/texmf/tex/latex/everyshi/everyshi.sty
Package: everyshi 2001/05/15 v3.00 EveryShipout Package (MS)
))
(/usr/share/texmf/tex/latex/pdfpages/pppdftex.def
File: pppdftex.def 2006/08/12 v0.4a Pdfpages driver for pdfTeX (AM)
)
\AM@pagebox=\box36
\AM@toc@title=\toks33
\c@AM@survey=\count127
)
\@input{usersetcommands.aux}
\openout2 = `usersetcommands.aux'.

(./usersetcommands.tex
\widthOfItem=\skip101
\c@theorem=\count128
\c@lemma=\count129
\c@corollary=\count130
\c@definition=\count131
\c@assumption=\count132
\c@proposition=\count133
\c@algorithm=\count134
) (./main.aux (./tex/TOC.aux) (./tex/abstract.aux)
(./tex/eventReconstructionSimulation.aux) (./tex/samplesObjects.aux)
(./tex/met.aux))
\openout1 = `main.aux'.

LaTeX Font Info:    Checking defaults for OML/cmm/m/it on input line 192.
LaTeX Font Info:    ... okay on input line 192.
LaTeX Font Info:    Checking defaults for T1/cmr/m/n on input line 192.
LaTeX Font Info:    ... okay on input line 192.
LaTeX Font Info:    Checking defaults for OT1/cmr/m/n on input line 192.
LaTeX Font Info:    ... okay on input line 192.
LaTeX Font Info:    Checking defaults for OMS/cmsy/m/n on input line 192.
LaTeX Font Info:    ... okay on input line 192.
LaTeX Font Info:    Checking defaults for OMX/cmex/m/n on input line 192.
LaTeX Font Info:    ... okay on input line 192.
LaTeX Font Info:    Checking defaults for U/cmr/m/n on input line 192.
LaTeX Font Info:    ... okay on input line 192.
LaTeX Font Info:    Checking defaults for TS1/cmr/m/n on input line 192.
LaTeX Font Info:    ... okay on input line 192.
LaTeX Font Info:    Checking defaults for PD1/pdf/m/n on input line 192.
LaTeX Font Info:    ... okay on input line 192.
LaTeX Info: Redefining \selectfont on input line 192.

**************************************
* Executing Begin Document Statement *
**************************************
Package caption Info: hyperref package v6.74m (or newer) detected on input line
 192.
Package hyperref Info: Link coloring OFF on input line 192.
(/usr/share/texmf/tex/latex/hyperref/nameref.sty
Package: nameref 2006/12/27 v2.28 Cross-referencing by name of section

(/usr/share/texmf/tex/latex/oberdiek/refcount.sty
Package: refcount 2006/02/20 v3.0 Data extraction from references (HO)
)
\c@section@level=\count135
)
LaTeX Info: Redefining \ref on input line 192.
LaTeX Info: Redefining \pageref on input line 192.
 (./main.out) (./main.out)
\@outlinefile=\write3
\openout3 = `main.out'.


ABD: EveryShipout initializing macros
(/usr/share/texmf/tex/latex/graphics/color.sty
Package: color 2005/11/14 v1.0j Standard LaTeX Color (DPC)

(/usr/share/texmf/tex/latex/config/color.cfg
File: color.cfg 2007/01/18 v1.5 color configuration of teTeX/TeXLive
)
Package color Info: Driver file: pdftex.def on input line 130.
) [1






{/usr/share/texmf/fonts/map/pdftex/updmap/pdftex.map}]
LaTeX Font Info:    Try loading font information for OMS+cmr on input line 238.

 (/usr/share/texmf/tex/latex/base/omscmr.fd
File: omscmr.fd 1999/05/25 v2.5h Standard LaTeX font definitions
)
LaTeX Font Info:    Font shape `OMS/cmr/m/n' in size <12> not available
(Font)              Font shape `OMS/cmsy/m/n' tried instead on input line 238.
 [2


]
\openout2 = `tex/TOC.aux'.


(./tex/TOC.tex (./main.toc
LaTeX Font Info:    Try loading font information for U+msa on input line 1.
 (/usr/share/texmf/tex/latex/amsfonts/umsa.fd
File: umsa.fd 2002/01/19 v2.2g AMS font definitions
)
LaTeX Font Info:    Try loading font information for U+msb on input line 1.

(/usr/share/texmf/tex/latex/amsfonts/umsb.fd
File: umsb.fd 2002/01/19 v2.2g AMS font definitions
) [3




])
\tf@toc=\write4
\openout4 = `main.toc'.

 [4]

Package hyperref Warning: bookmark level for unknown extrachapter defaults to 0
.

(./main.lot
Overfull \hbox (10.0951pt too wide) in paragraph at lines 2--2
 [][] [][]\OT1/cmr/m/n/12 Simulated SM datasets used for the flavor symmetric (
FS) background prediction. 
 []


Overfull \hbox (365.49916pt too wide) in paragraph at lines 2--2
 \OT1/cmr/m/n/12 All samples are of the \OT1/cmtt/m/n/12 MINIAOD \OT1/cmr/m/n/1
2 data format and of the version \OT1/cmtt/m/n/12 RunIISummer16MiniAODv2-PUMori
ond17[]80X[]mcRun2[]asymptotic[]2016[]TrancheIV[]v6/ 
 []


Overfull \hbox (302.38037pt too wide) in paragraph at lines 3--3
 \OT1/cmr/m/n/12 are of the \OT1/cmtt/m/n/12 MINIAOD \OT1/cmr/m/n/12 data forma
t and of the version \OT1/cmtt/m/n/12 RunIISummer16MiniAODv2-PUMoriond17[]80X[]
mcRun2[]asymptotic[]2016[]TrancheIV[]v6/ 
 []


Overfull \hbox (249.17953pt too wide) in paragraph at lines 4--4
 \OT1/cmtt/m/n/12 MINIAOD \OT1/cmr/m/n/12 data format and of the version \OT1/c
mtt/m/n/12 RunIISummer16MiniAODv2-PUMoriond17[]80X[]mcRun2[]asymptotic[]2016[]T
rancheIV[]v6/ 
 []


Overfull \hbox (175.27428pt too wide) in paragraph at lines 5--5
 \OT1/cmr/m/n/12 format and of the version \OT1/cmtt/m/n/12 RunIISummer16MiniAO
Dv2-PUMoriond17[]80X[]mcRun2[]asymptotic[]2016[]TrancheIV[]v6/ 
 []


Overfull \hbox (16.46585pt too wide) in paragraph at lines 6--6
 [][] [][]\OT1/cmr/m/n/12 Triggers used in the analysis. The first section are 
the triggers used in most control 
 []


Overfull \hbox (27.41579pt too wide) in paragraph at lines 9--9
 \OT1/cmr/m/n/12 are obtained from the fit, and for simulation the JES, the JER
, and UE uncertainties 
 []


Overfull \hbox (27.2386pt too wide) in paragraph at lines 10--10
 \OT1/cmr/m/n/12 along with the ratio $\OML/cmm/m/it/12 R[]$\OT1/cmr/m/n/12 , t
he ratio of data and simulation. The uncertainties displayed 
 []

[5



]
Overfull \hbox (16.61893pt too wide) in paragraph at lines 11--11
 [][] [][]\OT1/cmr/m/n/12 Parameterization results of the resolution curves for
 PUPPI $\OML/cmm/m/it/12 u[]$ \OT1/cmr/m/n/12 and $\OML/cmm/m/it/12 u[]$ \OT1/c
mr/m/n/12 components 
 []


Overfull \hbox (8.68207pt too wide) in paragraph at lines 11--11
 \OML/cmm/m/it/12 R[]$ \OT1/cmr/m/n/12 of data and simulation. The uncertaintie
s displayed for both the components 
 []

)
\tf@lot=\write5
\openout5 = `main.lot'.

 [6] (./main.lof

LaTeX Warning: Reference `Ball:2017nwa' on page 7 undefined on input line 3.


Overfull \hbox (0.89519pt too wide) in paragraph at lines 5--5
 \OT1/cmr/m/n/12 The Diboson contribution corresponds to processes with two ele
ctroweak bosons 
 []


Overfull \hbox (13.26312pt too wide) in paragraph at lines 5--5
 \OT1/cmr/m/n/12 anti-top pair and single top production processes. Lower panel
: Data to simulation 
 []


Overfull \hbox (6.40903pt too wide) in paragraph at lines 6--6
 \OT1/cmr/m/n/12 single top production processes. Lower panel: Data to simulati
on ratio. The band 
 []


Overfull \hbox (1.1831pt too wide) in paragraph at lines 7--7
 [][] [][]\OT1/cmr/m/n/12 Event display for a beam halo event with collinear hi
ts in the CSC (black), $\OML/cmm/m/it/12 p[]$ 
 []


Overfull \hbox (13.39783pt too wide) in paragraph at lines 8--8
 \OT1/cmr/m/n/12 and monojet (right) selection with the event filtering algorit
hms applied, including 
 []


Overfull \hbox (19.53387pt too wide) in paragraph at lines 8--8
 \OT1/cmr/m/n/12 filtering algorithms applied (open markers), and from simulati
on (solid histograms). 
 []


Overfull \hbox (28.60323pt too wide) in paragraph at lines 9--9
 [][] [][]\OT1/cmr/m/n/12 Illustration of the $Z$boson (left) and photon (right
) event kinematics in the transverse 
 []


Overfull \hbox (21.23108pt too wide) in paragraph at lines 10--10
 \OT1/cmr/m/n/12 photon (right) selections, in data (black markers) and simulat
ion (solid histograms). 
 []


Overfull \hbox (23.12411pt too wide) in paragraph at lines 10--10
 \OT1/cmr/m/n/12 The lower bands show the data to simulation ratio with the sys
tematic uncertainties 
 []

[7



]
Overfull \hbox (4.62335pt too wide) in paragraph at lines 11--11
 [][] [][]\OT1/cmr/m/n/12 Distribution of $\OML/cmm/m/it/12 u[]$\OT1/cmr/m/n/12
 +$\OML/cmm/m/it/12 q[]$ \OT1/cmr/m/n/12 (upper) and $\OML/cmm/m/it/12 u[]$ \OT
1/cmr/m/n/12 (lower) components of the hadronic recoil, 
 []


Overfull \hbox (31.6588pt too wide) in paragraph at lines 12--12
 \OT1/cmr/m/n/12 uncertainties due to the JES, the JER, and variations in the U
E added in quadrature, 
 []


Overfull \hbox (12.20622pt too wide) in paragraph at lines 13--13
 \OT1/cmr/m/n/12 systematic uncertainties due to the JES, the JER, and variatio
ns in the UE added 
 []


Overfull \hbox (35.42677pt too wide) in paragraph at lines 14--14
 \OT1/cmr/m/n/12 panels: Data-to-simulation ratio. The band corresponds to the 
systematic uncertainties 
 []


Overfull \hbox (15.66591pt too wide) in paragraph at lines 14--14
 \OT1/cmr/m/n/12 due to the JES, the JER, and variations in the UE added in qua
drature, estimated 
 []


Overfull \hbox (21.2922pt too wide) in paragraph at lines 15--15
 \OT1/cmr/m/n/12 all events below -195 and above +195, respectively. Lower pane
l: Data-to-simulation 
 []


Overfull \hbox (24.50539pt too wide) in paragraph at lines 17--17
 [][] [][]\OT1/cmr/m/n/12 Upper panels: PUPPI and PF $\OML/cmm/m/it/12 p[]$ \OT
1/cmr/m/n/12 resolution of $\OML/cmm/m/it/12 u[]$ \OT1/cmr/m/n/12 (left) and $\
OML/cmm/m/it/12 u[]$ \OT1/cmr/m/n/12 (right) components 
 []


Overfull \hbox (2.41882pt too wide) in paragraph at lines 17--17
 \OT1/cmr/m/n/12 Data-to-simulation ratio. The systematic uncertainties due to 
the JES, the JER, 
 []


Overfull \hbox (24.50539pt too wide) in paragraph at lines 18--18
 [][] [][]\OT1/cmr/m/n/12 Upper panels: PUPPI and PF $\OML/cmm/m/it/12 p[]$ \OT
1/cmr/m/n/12 resolution of $\OML/cmm/m/it/12 u[]$ \OT1/cmr/m/n/12 (left) and $\
OML/cmm/m/it/12 u[]$ \OT1/cmr/m/n/12 (right) components 
 []


Overfull \hbox (2.41882pt too wide) in paragraph at lines 18--18
 \OT1/cmr/m/n/12 Data-to-simulation ratio. The systematic uncertainties due to 
the JES, the JER, 
 []

)
\tf@lof=\write6
\openout6 = `main.lof'.

 [8] [9])
\openout2 = `tex/abstract.aux'.

 (./tex/abstract.tex [10




] [11])
\openout2 = `tex/eventReconstructionSimulation.aux'.


(./tex/eventReconstructionSimulation.tex
***************************
CHAPTER 1.
***************************
[12




]

LaTeX Warning: Reference `Khachatryan:2016bia' on page 13 undefined on input li
ne 19.

<images/detector/figures_L1-overview.png, id=457, 301.125pt x 225.84375pt>
File: images/detector/figures_L1-overview.png Graphic file (type png)

<use images/detector/figures_L1-overview.png> [13 <./images/detector/figures_L1
-overview.png>]

LaTeX Warning: Reference `met' on page 14 undefined on input line 54.

<images/met/Figure_006.pdf, id=466, 569.12625pt x 548.0475pt>
File: images/met/Figure_006.pdf Graphic file (type pdf)

<use images/met/Figure_006.pdf> [14] [15] [16 <./images/met/Figure_006.pdf, pag
e is rotated 90 degrees>]

LaTeX Warning: Reference `theory' on page 17 undefined on input line 78.


LaTeX Warning: Reference `theory' on page 17 undefined on input line 85.

[17]

LaTeX Warning: Reference `Ball:2014uwa' on page 18 undefined on input line 94.

<images/detector/NNPDF31.png, id=530, 853.1875pt x 572.1375pt>
File: images/detector/NNPDF31.png Graphic file (type png)

<use images/detector/NNPDF31.png>

LaTeX Warning: Reference `Ball:2017nwa' on page 18 undefined on input line 104.



Package natbib Warning: Citation `Alwall:2014hca' on page 18 undefined on input
 line 111.


Package natbib Warning: Citation `Mangano:2006rw' on page 18 undefined on input
 line 111.


Package natbib Warning: Citation `Oleari:2010nx' on page 18 undefined on input 
line 114.


Package natbib Warning: Citation `Alioli:2009je' on page 18 undefined on input 
line 114.

[18]

Package natbib Warning: Citation `Sjostrand:2014zea' on page 19 undefined on in
put line 124.

[19 <./images/detector/NNPDF31.png (PNG copy)>]

Package natbib Warning: Citation `Sjostrand:2014zea' on page 20 undefined on in
put line 128.


Package natbib Warning: Citation `Andersson:1983ia' on page 20 undefined on inp
ut line 129.

[20] [21]) [22]
\openout2 = `tex/samplesObjects.aux'.

 (./tex/samplesObjects.tex
***************************
CHAPTER 2.
***************************

Package natbib Warning: Citation `Sjostrand:2006za' on page 23 undefined on inp
ut line 60.


Overfull \hbox (38.91035pt too wide) in paragraph at lines 67--67
\OT1/cmtt/m/n/12 RunIISummer16MiniAODv2-PUMoriond17[]80X[]mcRun2[]asymptotic[]2
016[]TrancheIV[]v6/ 
 []


Overfull \hbox (16.33647pt too wide) in paragraph at lines 70--102
 [] 
 []


Overfull \hbox (38.91035pt too wide) in paragraph at lines 110--110
\OT1/cmtt/m/n/12 RunIISummer16MiniAODv2-PUMoriond17[]80X[]mcRun2[]asymptotic[]2
016[]TrancheIV[]v6/ 
 []


Overfull \hbox (38.91035pt too wide) in paragraph at lines 145--145
\OT1/cmtt/m/n/12 RunIISummer16MiniAODv2-PUMoriond17[]80X[]mcRun2[]asymptotic[]2
016[]TrancheIV[]v6/ 
 []


Overfull \hbox (38.91035pt too wide) in paragraph at lines 161--161
\OT1/cmtt/m/n/12 RunIISummer16MiniAODv2-PUMoriond17[]80X[]mcRun2[]asymptotic[]2
016[]TrancheIV[]v6/ 
 []


Package natbib Warning: Citation `Grazzini:2016swo' on page 23 undefined on inp
ut line 184.


LaTeX Warning: Reference `4l' on page 23 undefined on input line 185.

<images/slepton/kfactors.pdf, id=563, 569.12625pt x 385.44pt>
File: images/slepton/kfactors.pdf Graphic file (type pdf)

<use images/slepton/kfactors.pdf> [23



]

LaTeX Warning: `!h' float specifier changed to `!ht'.

[24] [25] [26] [27 <./images/slepton/kfactors.pdf, page is rotated 90 degrees>]

LaTeX Warning: Float too large for page by 30.697pt on input line 268.

[28

] [29]

Package natbib Warning: Citation `CMS_AN_2016-482' on page 30 undefined on inpu
t line 272.

[30

] [31] [32]

Package hyperref Warning: Token not allowed in a PDFDocEncoded string,
(hyperref)                removing `math shift' on input line 378.


Package hyperref Warning: Token not allowed in a PDFDocEncoded string,
(hyperref)                removing `subscript' on input line 378.


Package hyperref Warning: Token not allowed in a PDFDocEncoded string,
(hyperref)                removing `superscript' on input line 378.


Package hyperref Warning: Token not allowed in a PDFDocEncoded string,
(hyperref)                removing `math shift' on input line 378.


Overfull \hbox (9.63681pt too wide) in paragraph at lines 380--389
\OT1/cmr/m/n/12 leptons by 0.4 in $^^A$R. Jet energy corrections are applied, n
amely the \OT1/cmtt/m/n/12 Spring16[]23Sep2016V2 
 []

[33]

Package hyperref Warning: Token not allowed in a PDFDocEncoded string,
(hyperref)                removing `math shift' on input line 389.


Package hyperref Warning: Token not allowed in a PDFDocEncoded string,
(hyperref)                removing `subscript' on input line 389.


Package hyperref Warning: Token not allowed in a PDFDocEncoded string,
(hyperref)                removing `math shift' on input line 389.


Package natbib Warning: Citation `MT2variable' on page 34 undefined on input li
ne 392.


Package natbib Warning: Citation `MT2variable2' on page 34 undefined on input l
ine 392.

) [34]
\openout2 = `tex/met.aux'.

 (./tex/met.tex
***************************
CHAPTER 3.
***************************
[35



]

Package hyperref Warning: Token not allowed in a PDFDocEncoded string,
(hyperref)                removing `math shift' on input line 25.


Package hyperref Warning: Token not allowed in a PDFDocEncoded string,
(hyperref)                removing `math shift' on input line 25.


Package hyperref Warning: Token not allowed in a PDFDocEncoded string,
(hyperref)                removing `subscript' on input line 25.


Package hyperref Warning: Token not allowed in a PDFDocEncoded string,
(hyperref)                removing `math shift' on input line 25.


Package hyperref Warning: Token not allowed in a PDFDocEncoded string,
(hyperref)                removing `superscript' on input line 25.


Package hyperref Warning: Token not allowed in a PDFDocEncoded string,
(hyperref)                removing `math shift' on input line 25.


Package hyperref Warning: Token not allowed in a PDFDocEncoded string,
(hyperref)                removing `math shift' on input line 32.


Package hyperref Warning: Token not allowed in a PDFDocEncoded string,
(hyperref)                removing `math shift' on input line 32.


Package hyperref Warning: Token not allowed in a PDFDocEncoded string,
(hyperref)                removing `subscript' on input line 32.


Package hyperref Warning: Token not allowed in a PDFDocEncoded string,
(hyperref)                removing `math shift' on input line 32.


Package hyperref Warning: Token not allowed in a PDFDocEncoded string,
(hyperref)                removing `superscript' on input line 32.


Package hyperref Warning: Token not allowed in a PDFDocEncoded string,
(hyperref)                removing `math shift' on input line 32.


Package natbib Warning: Citation `Bertolini:2014bba' on page 36 undefined on in
put line 33.


Package natbib Warning: Citation `Bertolini:2014bba' on page 36 undefined on in
put line 35.

[36] [37] [38]

Package hyperref Warning: Token not allowed in a PDFDocEncoded string,
(hyperref)                removing `math shift' on input line 85.


Package hyperref Warning: Token not allowed in a PDFDocEncoded string,
(hyperref)                removing `math shift' on input line 85.


Package hyperref Warning: Token not allowed in a PDFDocEncoded string,
(hyperref)                removing `subscript' on input line 85.


Package hyperref Warning: Token not allowed in a PDFDocEncoded string,
(hyperref)                removing `math shift' on input line 85.


Package hyperref Warning: Token not allowed in a PDFDocEncoded string,
(hyperref)                removing `superscript' on input line 85.


Package hyperref Warning: Token not allowed in a PDFDocEncoded string,
(hyperref)                removing `math shift' on input line 85.


Package hyperref Warning: Token not allowed in a PDFDocEncoded string,
(hyperref)                removing `math shift' on input line 95.


Package hyperref Warning: Token not allowed in a PDFDocEncoded string,
(hyperref)                removing `math shift' on input line 95.


Package hyperref Warning: Token not allowed in a PDFDocEncoded string,
(hyperref)                removing `subscript' on input line 95.


Package hyperref Warning: Token not allowed in a PDFDocEncoded string,
(hyperref)                removing `math shift' on input line 95.


Package hyperref Warning: Token not allowed in a PDFDocEncoded string,
(hyperref)                removing `superscript' on input line 95.


Package hyperref Warning: Token not allowed in a PDFDocEncoded string,
(hyperref)                removing `math shift' on input line 95.


LaTeX Warning: Reference `chapter:jec' on page 39 undefined on input line 98.

[39]

Package natbib Warning: Citation `Sirunyan:2017ulk' on page 40 undefined on inp
ut line 122.


Package natbib Warning: Citation `TRK-11-001' on page 40 undefined on input lin
e 122.


Package natbib Warning: Citation `CMS:EGM-14-001' on page 40 undefined on input
 line 122.

[40] <images/met/Figure_001-a.pdf, id=705, 569.12625pt x 546.04pt>
File: images/met/Figure_001-a.pdf Graphic file (type pdf)

<use images/met/Figure_001-a.pdf>
<images/met/Figure_001-b.pdf, id=706, 569.12625pt x 546.04pt>
File: images/met/Figure_001-b.pdf Graphic file (type pdf)

<use images/met/Figure_001-b.pdf> [41]
<images/met/Figure_002.pdf, id=713, 569.12625pt x 546.04pt>
File: images/met/Figure_002.pdf Graphic file (type pdf)

<use images/met/Figure_002.pdf>
Overfull \hbox (7.39227pt too wide) in paragraph at lines 160--174
[]\OT1/cmr/m/n/12 The events in the single-photon sample are selected using a s
et of isolated single-photon 
 []

[42 <./images/met/Figure_001-a.pdf, page is rotated 90 degrees> <./images/met/F
igure_001-b.pdf, page is rotated 90 degrees>]

Package hyperref Warning: Token not allowed in a PDFDocEncoded string,
(hyperref)                removing `math shift' on input line 174.


Package hyperref Warning: Token not allowed in a PDFDocEncoded string,
(hyperref)                removing `math shift' on input line 174.


Package hyperref Warning: Token not allowed in a PDFDocEncoded string,
(hyperref)                removing `subscript' on input line 174.


Package hyperref Warning: Token not allowed in a PDFDocEncoded string,
(hyperref)                removing `math shift' on input line 174.


Package hyperref Warning: Token not allowed in a PDFDocEncoded string,
(hyperref)                removing `superscript' on input line 174.


Package hyperref Warning: Token not allowed in a PDFDocEncoded string,
(hyperref)                removing `math shift' on input line 174.


Overfull \hbox (15.444pt too wide) in paragraph at lines 176--179
[]\OT1/cmr/m/n/12 Non-physical, anomalous high-$\OML/cmm/m/it/12 p[]$ \OT1/cmr/
m/n/12 events can arise because of a variety of reconstruction 
 []

[43 <./images/met/Figure_002.pdf, page is rotated 90 degrees>]
Overfull \hbox (0.39514pt too wide) in paragraph at lines 186--193
\OT1/cmr/m/n/12 front-end electronics of the ECAL super crystals, creating a la
rge false signal. Additionally, 
 []


Overfull \hbox (1.34375pt too wide) in paragraph at lines 186--193
\OT1/cmr/m/n/12 noise filters. During the datataking relevant for this thesis, 
five ECAL endcap supercrystals 
 []

<images/met/Figure_004.png, id=856, 1861.95625pt x 1034.86626pt>
File: images/met/Figure_004.png Graphic file (type png)

<use images/met/Figure_004.png>
Overfull \hbox (46.90286pt too wide) in paragraph at lines 201--202
 [][] 
 []



pdfTeX warning: pdflatex (file ./images/met/Figure_005-a.pdf): PDF inclusion: f
ound PDF version <1.5>, but at most version <1.4> allowed
<images/met/Figure_005-a.pdf, id=859, 569.12625pt x 546.04pt>
File: images/met/Figure_005-a.pdf Graphic file (type pdf)

<use images/met/Figure_005-a.pdf>

pdfTeX warning: pdflatex (file ./images/met/Figure_005-b.pdf): PDF inclusion: f
ound PDF version <1.5>, but at most version <1.4> allowed
<images/met/Figure_005-b.pdf, id=860, 569.12625pt x 546.04pt>
File: images/met/Figure_005-b.pdf Graphic file (type pdf)

<use images/met/Figure_005-b.pdf> [44] [45 <./images/met/Figure_004.png (PNG co
py)>]

Package hyperref Warning: Token not allowed in a PDFDocEncoded string,
(hyperref)                removing `math shift' on input line 216.


Package hyperref Warning: Token not allowed in a PDFDocEncoded string,
(hyperref)                removing `math shift' on input line 216.


Package hyperref Warning: Token not allowed in a PDFDocEncoded string,
(hyperref)                removing `subscript' on input line 216.


Package hyperref Warning: Token not allowed in a PDFDocEncoded string,
(hyperref)                removing `math shift' on input line 216.


Package hyperref Warning: Token not allowed in a PDFDocEncoded string,
(hyperref)                removing `superscript' on input line 216.


Package hyperref Warning: Token not allowed in a PDFDocEncoded string,
(hyperref)                removing `math shift' on input line 216.

[46 <./images/met/Figure_005-a.pdf

pdfTeX warning: pdflatex (file ./images/met/Figure_005-a.pdf): PDF inclusion: P
age Group detected which pdfTeX can't handle. Ignoring it.
> <./images/met/Figure_005-b.pdf

pdfTeX warning: pdflatex (file ./images/met/Figure_005-b.pdf): PDF inclusion: P
age Group detected which pdfTeX can't handle. Ignoring it.
>]

Package hyperref Warning: Token not allowed in a PDFDocEncoded string,
(hyperref)                removing `math shift' on input line 225.


Package hyperref Warning: Token not allowed in a PDFDocEncoded string,
(hyperref)                removing `math shift' on input line 225.


Package hyperref Warning: Token not allowed in a PDFDocEncoded string,
(hyperref)                removing `subscript' on input line 225.


Package hyperref Warning: Token not allowed in a PDFDocEncoded string,
(hyperref)                removing `math shift' on input line 225.


Package hyperref Warning: Token not allowed in a PDFDocEncoded string,
(hyperref)                removing `superscript' on input line 225.


Package hyperref Warning: Token not allowed in a PDFDocEncoded string,
(hyperref)                removing `math shift' on input line 225.

<images/met/Figure_007-a.png, id=1202, 1505.625pt x 1129.21875pt>
File: images/met/Figure_007-a.png Graphic file (type png)

<use images/met/Figure_007-a.png>
<images/met/Figure_007-b.png, id=1203, 1505.625pt x 1129.21875pt>
File: images/met/Figure_007-b.png Graphic file (type png)

<use images/met/Figure_007-b.png>

Package hyperref Warning: Token not allowed in a PDFDocEncoded string,
(hyperref)                removing `math shift' on input line 242.


Package hyperref Warning: Token not allowed in a PDFDocEncoded string,
(hyperref)                removing `math shift' on input line 242.


Package hyperref Warning: Token not allowed in a PDFDocEncoded string,
(hyperref)                removing `subscript' on input line 242.


Package hyperref Warning: Token not allowed in a PDFDocEncoded string,
(hyperref)                removing `math shift' on input line 242.


Package hyperref Warning: Token not allowed in a PDFDocEncoded string,
(hyperref)                removing `superscript' on input line 242.


Package hyperref Warning: Token not allowed in a PDFDocEncoded string,
(hyperref)                removing `math shift' on input line 242.


Package natbib Warning: Citation `Khachatryan:2016kdb' on page 47 undefined on 
input line 244.


Package natbib Warning: Citation `CMS:EGM-14-001' on page 47 undefined on input
 line 245.


Package natbib Warning: Citation `Sirunyan:2018fpa' on page 47 undefined on inp
ut line 245.

<images/met/Figure_008-a.pdf, id=1206, 569.12625pt x 546.04pt>
File: images/met/Figure_008-a.pdf Graphic file (type pdf)

<use images/met/Figure_008-a.pdf>
<images/met/Figure_008-b.pdf, id=1207, 569.12625pt x 546.04pt>
File: images/met/Figure_008-b.pdf Graphic file (type pdf)

<use images/met/Figure_008-b.pdf>
<images/met/Figure_008-c.pdf, id=1208, 569.12625pt x 546.04pt>
File: images/met/Figure_008-c.pdf Graphic file (type pdf)

<use images/met/Figure_008-c.pdf>
<images/met/Figure_009-a.pdf, id=1210, 569.12625pt x 546.04pt>
File: images/met/Figure_009-a.pdf Graphic file (type pdf)

<use images/met/Figure_009-a.pdf>
<images/met/Figure_009-c.pdf, id=1211, 569.12625pt x 546.04pt>
File: images/met/Figure_009-c.pdf Graphic file (type pdf)

<use images/met/Figure_009-c.pdf>
<images/met/Figure_009-e.pdf, id=1212, 569.12625pt x 546.04pt>
File: images/met/Figure_009-e.pdf Graphic file (type pdf)

<use images/met/Figure_009-e.pdf>
<images/met/Figure_009-b.pdf, id=1213, 569.12625pt x 546.04pt>
File: images/met/Figure_009-b.pdf Graphic file (type pdf)

<use images/met/Figure_009-b.pdf>
<images/met/Figure_009-d.pdf, id=1214, 569.12625pt x 546.04pt>
File: images/met/Figure_009-d.pdf Graphic file (type pdf)

<use images/met/Figure_009-d.pdf>
<images/met/Figure_009-f.pdf, id=1215, 569.12625pt x 546.04pt>
File: images/met/Figure_009-f.pdf Graphic file (type pdf)

<use images/met/Figure_009-f.pdf>
<images/met/Figure_010.pdf, id=1218, 569.12625pt x 641.39626pt>
File: images/met/Figure_010.pdf Graphic file (type pdf)

<use images/met/Figure_010.pdf>
<images/met/Figure_010-b.pdf, id=1219, 569.12625pt x 641.39626pt>
File: images/met/Figure_010-b.pdf Graphic file (type pdf)

<use images/met/Figure_010-b.pdf> [47 <./images/met/Figure_007-a.png> <./images
/met/Figure_007-b.png>] [48 <./images/met/Figure_008-a.pdf, page is rotated 90 
degrees> <./images/met/Figure_008-b.pdf, page is rotated 90 degrees> <./images/
met/Figure_008-c.pdf, page is rotated 90 degrees>] [49 <./images/met/Figure_009
-a.pdf, page is rotated 90 degrees> <./images/met/Figure_009-c.pdf, page is rot
ated 90 degrees> <./images/met/Figure_009-e.pdf, page is rotated 90 degrees> <.
/images/met/Figure_009-b.pdf, page is rotated 90 degrees> <./images/met/Figure_
009-d.pdf, page is rotated 90 degrees> <./images/met/Figure_009-f.pdf, page is 
rotated 90 degrees>] [50 <./images/met/Figure_010.pdf> <./images/met/Figure_010
-b.pdf>]

Package natbib Warning: Citation `CMS-DP-2017-015' on page 51 undefined on inpu
t line 304.

<images/met/Figure_011-a.pdf, id=1729, 569.12625pt x 641.39626pt>
File: images/met/Figure_011-a.pdf Graphic file (type pdf)

<use images/met/Figure_011-a.pdf>
<images/met/Figure_011-b.pdf, id=1730, 569.12625pt x 641.39626pt>
File: images/met/Figure_011-b.pdf Graphic file (type pdf)

<use images/met/Figure_011-b.pdf>
<images/met/Figure_011-c.pdf, id=1731, 569.12625pt x 641.39626pt>
File: images/met/Figure_011-c.pdf Graphic file (type pdf)

<use images/met/Figure_011-c.pdf>
<images/met/Figure_011-d.pdf, id=1732, 569.12625pt x 641.39626pt>
File: images/met/Figure_011-d.pdf Graphic file (type pdf)

<use images/met/Figure_011-d.pdf>
<images/met/Figure_011-e.pdf, id=1733, 569.12625pt x 641.39626pt>
File: images/met/Figure_011-e.pdf Graphic file (type pdf)

<use images/met/Figure_011-e.pdf>
<images/met/Figure_011-f.pdf, id=1734, 569.12625pt x 641.39626pt>
File: images/met/Figure_011-f.pdf Graphic file (type pdf)

<use images/met/Figure_011-f.pdf>

LaTeX Warning: Float too large for page by 102.10023pt on input line 324.


Overfull \hbox (4.38689pt too wide) in paragraph at lines 333--348
 [][] 
 []


Package hyperref Warning: Token not allowed in a PDFDocEncoded string,
(hyperref)                removing `math shift' on input line 374.


Package hyperref Warning: Token not allowed in a PDFDocEncoded string,
(hyperref)                removing `math shift' on input line 374.


Package hyperref Warning: Token not allowed in a PDFDocEncoded string,
(hyperref)                removing `subscript' on input line 374.


Package hyperref Warning: Token not allowed in a PDFDocEncoded string,
(hyperref)                removing `math shift' on input line 374.


Package hyperref Warning: Token not allowed in a PDFDocEncoded string,
(hyperref)                removing `superscript' on input line 374.


Package hyperref Warning: Token not allowed in a PDFDocEncoded string,
(hyperref)                removing `math shift' on input line 374.

[51] [52 <./images/met/Figure_011-a.pdf> <./images/met/Figure_011-b.pdf> <./ima
ges/met/Figure_011-c.pdf> <./images/met/Figure_011-d.pdf> <./images/met/Figure_
011-e.pdf> <./images/met/Figure_011-f.pdf>] [53]
<images/met/Figure_012-a.pdf, id=2014, 569.12625pt x 546.04pt>
File: images/met/Figure_012-a.pdf Graphic file (type pdf)

<use images/met/Figure_012-a.pdf>
<images/met/Figure_012-b.pdf, id=2015, 569.12625pt x 546.04pt>
File: images/met/Figure_012-b.pdf Graphic file (type pdf)

<use images/met/Figure_012-b.pdf>
<images/met/Figure_013-a.pdf, id=2017, 569.12625pt x 546.04pt>
File: images/met/Figure_013-a.pdf Graphic file (type pdf)

<use images/met/Figure_013-a.pdf>
<images/met/Figure_013-b.pdf, id=2018, 569.12625pt x 546.04pt>
File: images/met/Figure_013-b.pdf Graphic file (type pdf)

<use images/met/Figure_013-b.pdf>
<images/met/Figure_013-c.pdf, id=2019, 569.12625pt x 546.04pt>
File: images/met/Figure_013-c.pdf Graphic file (type pdf)

<use images/met/Figure_013-c.pdf>
<images/met/Figure_013-d.pdf, id=2020, 569.12625pt x 546.04pt>
File: images/met/Figure_013-d.pdf Graphic file (type pdf)

<use images/met/Figure_013-d.pdf> [54 <./images/met/Figure_012-a.pdf, page is r
otated 90 degrees> <./images/met/Figure_012-b.pdf, page is rotated 90 degrees>]
[55 <./images/met/Figure_013-a.pdf, page is rotated 90 degrees> <./images/met/F
igure_013-b.pdf, page is rotated 90 degrees> <./images/met/Figure_013-c.pdf, pa
ge is rotated 90 degrees> <./images/met/Figure_013-d.pdf, page is rotated 90 de
grees>] <images/met/Figure_014.pdf, id=2295, 569.12625pt x 641.39626pt>
File: images/met/Figure_014.pdf Graphic file (type pdf)

<use images/met/Figure_014.pdf>
<images/met/Figure_016-a.pdf, id=2297, 569.12625pt x 641.39626pt>
File: images/met/Figure_016-a.pdf Graphic file (type pdf)

<use images/met/Figure_016-a.pdf>
<images/met/Figure_016-b.pdf, id=2298, 569.12625pt x 641.39626pt>
File: images/met/Figure_016-b.pdf Graphic file (type pdf)

<use images/met/Figure_016-b.pdf>
Overfull \hbox (12.46248pt too wide) in paragraph at lines 437--450
 [][] 
 []


<images/met/met_uPara__vs_nVertType1_PFvsPuppiMM.pdf, id=2301, 569.12625pt x 64
1.39626pt>
File: images/met/met_uPara__vs_nVertType1_PFvsPuppiMM.pdf Graphic file (type pd
f)
 <use images/met/met_uPara__vs_nVertType1_PFvsPuppiMM.pdf>
<images/met/met_uPerp__vs_nVertType1_PFvsPuppiMM.pdf, id=2302, 569.12625pt x 64
1.39626pt>
File: images/met/met_uPerp__vs_nVertType1_PFvsPuppiMM.pdf Graphic file (type pd
f)
 <use images/met/met_uPerp__vs_nVertType1_PFvsPuppiMM.pdf> [56 <./images/met/Fi
gure_014.pdf>] [57 <./images/met/Figure_016-a.pdf> <./images/met/Figure_016-b.p
df>] [58 <./images/met/met_uPara__vs_nVertType1_PFvsPuppiMM.pdf> <./images/met/
met_uPerp__vs_nVertType1_PFvsPuppiMM.pdf>] [59]) (./main.bbl)

Package natbib Warning: There were undefined citations.

(./main.aux (./tex/TOC.aux) (./tex/abstract.aux)
(./tex/eventReconstructionSimulation.aux) (./tex/samplesObjects.aux)
(./tex/met.aux))

LaTeX Warning: There were undefined references.

 ) 
Here is how much of TeX's memory you used:
 7225 strings out of 256214
 104689 string characters out of 1916999
 192913 words of memory out of 1500000
 10096 multiletter control sequences out of 10000+200000
 11835 words of font info for 48 fonts, out of 1200000 for 2000
 645 hyphenation exceptions out of 8191
 39i,13n,41p,1149b,448s stack positions out of 5000i,500n,6000p,200000b,15000s
</usr/share/texmf/fonts/type1/bluesky/cm/cmbx12.pfb></usr/share/texmf/fonts/t
ype1/bluesky/cm/cmbx8.pfb></usr/share/texmf/fonts/type1/bluesky/cm/cmcsc10.pfb>
</usr/share/texmf/fonts/type1/bluesky/cm/cmex10.pfb></usr/share/texmf/fonts/typ
e1/bluesky/cm/cmmi12.pfb></usr/share/texmf/fonts/type1/bluesky/cm/cmmi8.pfb></u
sr/share/texmf/fonts/type1/bluesky/cm/cmr12.pfb></usr/share/texmf/fonts/type1/b
luesky/cm/cmr6.pfb></usr/share/texmf/fonts/type1/bluesky/cm/cmr8.pfb></usr/shar
e/texmf/fonts/type1/bluesky/cm/cmsy10.pfb></usr/share/texmf/fonts/type1/bluesky
/cm/cmsy6.pfb></usr/share/texmf/fonts/type1/bluesky/cm/cmsy8.pfb></usr/share/te
xmf/fonts/type1/bluesky/cm/cmtt12.pfb></usr/share/texmf/fonts/type1/bluesky/cm/
cmtt8.pfb></usr/share/texmf/fonts/type1/bluesky/latex-fonts/line10.pfb></usr/sh
are/texmf/fonts/type1/bluesky/ams/msam10.pfb>
Output written on main.pdf (59 pages, 1451011 bytes).
PDF statistics:
 2626 PDF objects out of 2984 (max. 8388607)
 155 named destinations out of 1000 (max. 131072)
 625 words of extra memory for PDF output out of 10000 (max. 10000000)

