\BOOKMARK [0][-]{tableofcontents.0}{TABLE OF CONTENTS}{}
\BOOKMARK [0][-]{chapter*.2}{LIST OF TABLES}{}
\BOOKMARK [0][-]{chapter*.3}{LIST OF FIGURES}{}
\BOOKMARK [0][-]{section*.4}{ABSTRACT}{}
\BOOKMARK [0][-]{chapter.1}{}{}
\BOOKMARK [1][-]{section.1.1}{Trigger}{chapter.1}
\BOOKMARK [2][-]{subsection.1.1.1}{L1 trigger}{section.1.1}
\BOOKMARK [2][-]{subsection.1.1.2}{The HLT}{section.1.1}
\BOOKMARK [1][-]{section.1.2}{Data reconstruction}{chapter.1}
\BOOKMARK [1][-]{section.1.3}{Simulated events}{chapter.1}
\BOOKMARK [2][-]{subsection.1.3.1}{Hard parton scattering}{section.1.3}
\BOOKMARK [3][-]{subsubsection.1.3.1.1}{Parton distribution functions}{subsection.1.3.1}
\BOOKMARK [3][-]{subsubsection.1.3.1.2}{Hard scattering processes}{subsection.1.3.1}
\BOOKMARK [3][-]{subsubsection.1.3.1.3}{Multiparton interactions and parton showers}{subsection.1.3.1}
\BOOKMARK [3][-]{subsubsection.1.3.1.4}{Hadronization}{subsection.1.3.1}
\BOOKMARK [3][-]{subsubsection.1.3.1.5}{Decay}{subsection.1.3.1}
\BOOKMARK [2][-]{subsection.1.3.2}{Detector simulation}{section.1.3}
\BOOKMARK [1][-]{section.1.4}{Datasets}{chapter.1}
\BOOKMARK [2][-]{subsection.1.4.1}{Dataformats}{section.1.4}
\BOOKMARK [2][-]{subsection.1.4.2}{Event weights}{section.1.4}
\BOOKMARK [0][-]{chapter.2}{}{}
\BOOKMARK [1][-]{section.2.1}{Datasets}{chapter.2}
\BOOKMARK [2][-]{subsection.2.1.1}{Higher order corrections}{section.2.1}
\BOOKMARK [1][-]{section.2.2}{Triggers}{chapter.2}
\BOOKMARK [1][-]{section.2.3}{Physics Objects}{chapter.2}
\BOOKMARK [2][-]{subsection.2.3.1}{Electrons}{section.2.3}
\BOOKMARK [2][-]{subsection.2.3.2}{Muons}{section.2.3}
\BOOKMARK [2][-]{subsection.2.3.3}{Lepton pair selection}{section.2.3}
\BOOKMARK [2][-]{subsection.2.3.4}{Isotrack veto}{section.2.3}
\BOOKMARK [2][-]{subsection.2.3.5}{Jets and pTmiss}{section.2.3}
\BOOKMARK [3][-]{subsubsection.2.3.5.1}{MT2}{subsection.2.3.5}
\BOOKMARK [2][-]{subsection.2.3.6}{Event selection}{section.2.3}
\BOOKMARK [0][-]{chapter.3}{}{}
\BOOKMARK [1][-]{section.3.1}{Missing transverse momentum algorithms in CMS}{chapter.3}
\BOOKMARK [2][-]{subsection.3.1.1}{Particle Flow pTmiss reconstruction}{section.3.1}
\BOOKMARK [2][-]{subsection.3.1.2}{PUPPI pTmiss reconstruction}{section.3.1}
\BOOKMARK [3][-]{subsubsection.3.1.2.1}{PUPPI algorithm}{subsection.3.1.2}
\BOOKMARK [3][-]{subsubsection.3.1.2.2}{PUPPI pTmiss reconstruction}{subsection.3.1.2}
\BOOKMARK [1][-]{section.3.2}{Calibration of pTmiss}{chapter.3}
\BOOKMARK [1][-]{section.3.3}{Event selection}{chapter.3}
\BOOKMARK [2][-]{subsection.3.3.1}{Dilepton event samples}{section.3.3}
\BOOKMARK [2][-]{subsection.3.3.2}{Single-photon event sample}{section.3.3}
\BOOKMARK [1][-]{section.3.4}{pTmiss filters}{chapter.3}
\BOOKMARK [2][-]{subsection.3.4.1}{HCAL filters}{section.3.4}
\BOOKMARK [2][-]{subsection.3.4.2}{ECAL filters}{section.3.4}
\BOOKMARK [2][-]{subsection.3.4.3}{Beam halo filter}{section.3.4}
\BOOKMARK [1][-]{section.3.5}{pTmiss performance}{chapter.3}
\BOOKMARK [2][-]{subsection.3.5.1}{pTmiss performance using hadronic recoil}{section.3.5}
\BOOKMARK [2][-]{subsection.3.5.2}{Performance of PF pTmiss algorithm}{section.3.5}
\BOOKMARK [2][-]{subsection.3.5.3}{Performance of PUPPI pTmiss algorithm}{section.3.5}
\BOOKMARK [2][-]{subsection.3.5.4}{High pileup studies}{section.3.5}
